<?xml version="1.0" encoding="UTF-8"?>
<!-- Generated by org.testng.reporters.JUnitXMLReporter -->
<testsuite hostname="LAPTOP-2IFEJBVE" ignored="3" name="Rest API Automation" tests="6" failures="0" timestamp="24 May 2022 01:37:21 GMT" time="11.145" errors="0">
  <testcase name="registerUserTest" time="3.029" classname="api.UserRegAuthnApiTest"/>
  <testcase name="getAllUserTest" time="1.435" classname="api.UserLeaderBoardApiTest"/>
  <testcase name="authenticateUserTest" time="1.864" classname="api.UserRegAuthnApiTest"/>
  <testcase name="addnewUserTest" time="1.588" classname="api.UserLeaderBoardApiTest"/>
  <testcase name="updateUserTest" time="1.588" classname="api.UserLeaderBoardApiTest"/>
  <testcase name="getAuthenticatedUserTest" time="1.589" classname="api.UserLeaderBoardApiTest"/>
  <testcase name="@BeforeSuite beforeSuite" time="0.0" classname="com.qa.testbase.ApiTestBase">
    <ignored/>
  </testcase> <!-- @BeforeSuite beforeSuite -->
  <testcase name="deleteUserTest" time="0.0" classname="api.UserLeaderBoardApiTest">
    <ignored/>
  </testcase> <!-- deleteUserTest -->
  <testcase name="@AfterSuite afterTestCleanup" time="0.0" classname="com.qa.testbase.ApiTestBase">
    <ignored/>
  </testcase> <!-- @AfterSuite afterTestCleanup -->
</testsuite> <!-- Rest API Automation -->
