<?xml version="1.0" encoding="UTF-8"?>
<testng-results skipped="0" failed="0" ignored="0" total="2" passed="2">
  <reporter-output>
  </reporter-output>
  <suite name="Default suite" duration-ms="6568" started-at="2022-05-24T01:41:18Z" finished-at="2022-05-24T01:41:25Z">
    <groups>
    </groups>
    <test name="Default test" duration-ms="6568" started-at="2022-05-24T01:41:18Z" finished-at="2022-05-24T01:41:25Z">
      <class name="api.UserRegAuthnApiTest">
        <test-method status="PASS" signature="beforeSuite()[pri:0, instance:api.UserRegAuthnApiTest@6e1567f1]" name="beforeSuite" is-config="true" duration-ms="93" started-at="2022-05-24T01:41:18Z" finished-at="2022-05-24T01:41:18Z">
          <reporter-output>
          </reporter-output>
        </test-method> <!-- beforeSuite -->
        <test-method status="PASS" signature="beforeTest()[pri:0, instance:api.UserRegAuthnApiTest@6e1567f1]" name="beforeTest" is-config="true" duration-ms="0" started-at="2022-05-24T01:41:18Z" finished-at="2022-05-24T01:41:18Z">
          <reporter-output>
          </reporter-output>
        </test-method> <!-- beforeTest -->
        <test-method status="PASS" signature="registerUserTest(java.lang.String, java.lang.String)[pri:1, instance:api.UserRegAuthnApiTest@6e1567f1]" name="registerUserTest" duration-ms="4395" started-at="2022-05-24T01:41:18Z" data-provider="getUserData" finished-at="2022-05-24T01:41:23Z">
          <params>
            <param index="0">
              <value>
                <![CDATA[ab]]>
              </value>
            </param>
            <param index="1">
              <value>
                <![CDATA[welcome1]]>
              </value>
            </param>
          </params>
          <reporter-output>
          </reporter-output>
        </test-method> <!-- registerUserTest -->
        <test-method status="PASS" signature="afterMethodConfig(org.testng.ITestResult)[pri:0, instance:api.UserRegAuthnApiTest@6e1567f1]" name="afterMethodConfig" is-config="true" duration-ms="3" started-at="2022-05-24T01:41:23Z" finished-at="2022-05-24T01:41:23Z">
          <params>
            <param index="0">
              <value>
                <![CDATA[[TestResult name=registerUserTest status=SUCCESS method=UserRegAuthnApiTest.registerUserTest(java.lang.String, java.lang.String)[pri:1, instance:api.UserRegAuthnApiTest@6e1567f1] output={null}]]]>
              </value>
            </param>
          </params>
          <reporter-output>
          </reporter-output>
        </test-method> <!-- afterMethodConfig -->
        <test-method status="PASS" signature="authenticateUserTest()[pri:2, instance:api.UserRegAuthnApiTest@6e1567f1]" name="authenticateUserTest" duration-ms="1832" started-at="2022-05-24T01:41:23Z" finished-at="2022-05-24T01:41:25Z">
          <reporter-output>
          </reporter-output>
        </test-method> <!-- authenticateUserTest -->
        <test-method status="PASS" signature="afterMethodConfig(org.testng.ITestResult)[pri:0, instance:api.UserRegAuthnApiTest@6e1567f1]" name="afterMethodConfig" is-config="true" duration-ms="0" started-at="2022-05-24T01:41:25Z" finished-at="2022-05-24T01:41:25Z">
          <params>
            <param index="0">
              <value>
                <![CDATA[[TestResult name=authenticateUserTest status=SUCCESS method=UserRegAuthnApiTest.authenticateUserTest()[pri:2, instance:api.UserRegAuthnApiTest@6e1567f1] output={null}]]]>
              </value>
            </param>
          </params>
          <reporter-output>
          </reporter-output>
        </test-method> <!-- afterMethodConfig -->
        <test-method status="PASS" signature="afterTestCleanup()[pri:0, instance:api.UserRegAuthnApiTest@6e1567f1]" name="afterTestCleanup" is-config="true" duration-ms="255" started-at="2022-05-24T01:41:25Z" finished-at="2022-05-24T01:41:25Z">
          <reporter-output>
          </reporter-output>
        </test-method> <!-- afterTestCleanup -->
      </class> <!-- api.UserRegAuthnApiTest -->
    </test> <!-- Default test -->
  </suite> <!-- Default suite -->
</testng-results>
