<?xml version="1.0" encoding="UTF-8"?>
<!-- Generated by org.testng.reporters.JUnitXMLReporter -->
<testsuite hostname="LAPTOP-2IFEJBVE" ignored="2" name="Validate HerokuApp functionality on Chrome" tests="1" failures="0" timestamp="23 May 2022 09:01:39 GMT" time="9.526" errors="0">
  <testcase name="registerSingleUserTest" time="2.598" classname="ui.UserRegistrationTest"/>
  <testcase name="misMatchPasswordTest" time="0.0" classname="ui.UserRegistrationTest">
    <ignored/>
  </testcase> <!-- misMatchPasswordTest -->
  <testcase name="cancelUserRegisterationTest" time="0.0" classname="ui.UserRegistrationTest">
    <ignored/>
  </testcase> <!-- cancelUserRegisterationTest -->
</testsuite> <!-- Validate HerokuApp functionality on Chrome -->
